<?xml version="1.0" encoding="UTF-8"?>
<!-- Generated by org.testng.reporters.JUnitReportReporter -->
<testsuite hostname="LAPTOP-EJSMVPFR" failures="0" tests="1" name="org.pk.Ecommerce.Test.AssesmentTest" time="72.560" errors="0" timestamp="2023-08-21T07:29:16 IST" skipped="0">
  <testcase classname="org.pk.Ecommerce.Test.AssesmentTest" name="Test" time="72.560"/>
  <system-out/>
</testsuite> <!-- org.pk.Ecommerce.Test.AssesmentTest -->
